Using pre-set license
Built from '2020.3/staging' branch; Version is '2020.3.0f1 (c7b5465681fb) revision 13088070'; Using compiler version '192528614'; Build Type 'Release'
OS: 'Windows 10 Home Single Language; OS build 19042.985; Version 2009; 64bit' Language: 'en' Physical Memory: 8065 MB
BatchMode: 1, IsHumanControllingUs: 0, StartBugReporterOnCrash: 0, Is64bit: 1, IsPro: 0

 COMMAND LINE ARGUMENTS:
C:\Program Files\Unity\Hub\Editor\2020.3.0f1\Editor\Unity.exe
-adb2
-batchMode
-noUpm
-name
AssetImportWorker16
-projectPath
C:/Users/folkloricye/Desktop/personal/Shade
-logFile
Logs/AssetImportWorker16.log
-srvPort
2103
Successfully changed project path to: C:/Users/folkloricye/Desktop/personal/Shade
C:/Users/folkloricye/Desktop/personal/Shade
Using Asset Import Pipeline V2.
Refreshing native plugins compatible for Editor in 37.68 ms, found 0 plugins.
Preloading 0 native plugins for Editor in 0.00 ms.
Initialize engine version: 2020.3.0f1 (c7b5465681fb)
[Subsystems] Discovering subsystems at path C:/Program Files/Unity/Hub/Editor/2020.3.0f1/Editor/Data/Resources/UnitySubsystems
[Subsystems] Discovering subsystems at path C:/Users/folkloricye/Desktop/personal/Shade/Assets
GfxDevice: creating device client; threaded=0
Direct3D:
    Version:  Direct3D 11.0 [level 11.0]
    Renderer: NVIDIA GeForce 940MX (ID=0x179c)
    Vendor:   
    VRAM:     4055 MB
    Driver:   27.21.14.5671
Initialize mono
Mono path[0] = 'C:/Program Files/Unity/Hub/Editor/2020.3.0f1/Editor/Data/Managed'
Mono path[1] = 'C:/Program Files/Unity/Hub/Editor/2020.3.0f1/Editor/Data/MonoBleedingEdge/lib/mono/unityjit'
Mono config path = 'C:/Program Files/Unity/Hub/Editor/2020.3.0f1/Editor/Data/MonoBleedingEdge/etc'
Using monoOptions --debugger-agent=transport=dt_socket,embedding=1,server=y,suspend=n,address=127.0.0.1:56972
Begin MonoManager ReloadAssembly
Registering precompiled unity dll's ...
Register platform support module: C:/Program Files/Unity/Hub/Editor/2020.3.0f1/Editor/Data/PlaybackEngines/WindowsStandaloneSupport/UnityEditor.WindowsStandalone.Extensions.dll
Registered in 0.002858 seconds.
Native extension for WindowsStandalone target not found
Refreshing native plugins compatible for Editor in 32.53 ms, found 0 plugins.
Preloading 0 native plugins for Editor in 0.00 ms.
Invoked RoslynAnalysisRunner static constructor.
RoslynAnalysisRunner will not be running.
RoslynAnalysisRunner has terminated.
Mono: successfully reloaded assembly
- Completed reload, in  1.575 seconds
Platform modules already initialized, skipping
Registering precompiled user dll's ...
Registered in 0.000923 seconds.
Begin MonoManager ReloadAssembly
Native extension for WindowsStandalone target not found
Refreshing native plugins compatible for Editor in 0.36 ms, found 0 plugins.
Preloading 0 native plugins for Editor in 0.00 ms.
Invoked RoslynAnalysisRunner static constructor.
RoslynAnalysisRunner will not be running.
RoslynAnalysisRunner has terminated.
Mono: successfully reloaded assembly
- Completed reload, in  2.586 seconds
Platform modules already initialized, skipping
========================================================================
Worker process is ready to serve import requests
Launched and connected shader compiler UnityShaderCompiler.exe after 0.23 seconds
Refreshing native plugins compatible for Editor in 0.45 ms, found 0 plugins.
Preloading 0 native plugins for Editor in 0.00 ms.
Unloading 1113 Unused Serialized files (Serialized files now loaded: 0)
System memory in use before: 57.4 MB.
System memory in use after: 57.4 MB.

Unloading 10 unused Assets to reduce memory usage. Loaded Objects now: 1558.
Total: 3.123000 ms (FindLiveObjects: 0.423000 ms CreateObjectMapping: 0.260500 ms MarkObjects: 2.308700 ms  DeleteObjects: 0.129000 ms)

========================================================================
Received Import Request.
  path: Assets/Sphere diffuse with color.mat
  artifactKey: Guid(b1617416a06657f46b108a5d0aa8b12b) Importer(815301076,1909f56bfc062723c751e8b465ee728b)
Start importing Assets/Sphere diffuse with color.mat using Guid(b1617416a06657f46b108a5d0aa8b12b) Importer(815301076,1909f56bfc062723c751e8b465ee728b)  -> (artifact id: '883ff25755722635eded973736b370cf') in 0.767324 seconds
  Import took 0.796807 seconds .

========================================================================
Received Import Request.
  Time since last request: 11.007069 seconds.
  path: Assets/plane material.mat
  artifactKey: Guid(8db42c03bd73df64faaa1b0212c700cf) Importer(815301076,1909f56bfc062723c751e8b465ee728b)
Start importing Assets/plane material.mat using Guid(8db42c03bd73df64faaa1b0212c700cf) Importer(815301076,1909f56bfc062723c751e8b465ee728b)  -> (artifact id: '170e1c8532c3a4d7595db7f812e1e9e1') in 0.050794 seconds
  Import took 0.057140 seconds .

AssetImportWorkerClient::OnTransportError - code=2 error=End of file
